<?xml version="1.0" encoding="UTF-8"?>
<!-- Generated by org.testng.reporters.JUnitReportReporter -->
<testsuite hostname="DESKTOP-TP3TBSO" failures="0" tests="1" name="AllMethods.CookiesTest" time="2.724" errors="0" timestamp="2025-05-17T11:32:15 IST" skipped="0">
  <testcase classname="AllMethods.CookiesTest" name="Cookies" time="2.724"/>
</testsuite> <!-- AllMethods.CookiesTest -->
