<?xml version="1.0" encoding="UTF-8"?>
<!-- Generated by org.testng.reporters.JUnitReportReporter -->
<testsuite hostname="DESKTOP-TP3TBSO" failures="0" tests="2" name="AllMethods.GetMethod" time="2.694" errors="0" timestamp="2025-05-15T23:24:12 IST" skipped="0">
  <testcase classname="AllMethods.GetMethod" name="Test01" time="2.122"/>
  <testcase classname="AllMethods.GetMethod" name="CreateUser" time="0.572"/>
</testsuite> <!-- AllMethods.GetMethod -->
