<?xml version="1.0" encoding="UTF-8"?>
<!-- Generated by org.testng.reporters.JUnitReportReporter -->
<testsuite hostname="DESKTOP-TP3TBSO" failures="0" tests="1" name="FirstGetRequest" time="1.402" errors="0" timestamp="2025-05-15T19:27:53 IST" skipped="0">
  <testcase classname="FirstGetRequest" name="testcase01" time="1.402"/>
</testsuite> <!-- FirstGetRequest -->
