<?xml version="1.0" encoding="UTF-8"?>
<!-- Generated by org.testng.reporters.JUnitReportReporter -->
<testsuite hostname="DESKTOP-TP3TBSO" failures="0" tests="4" name="AllMethods.GetMethod" time="5.358" errors="0" timestamp="2025-05-16T17:44:48 IST" skipped="0">
  <testcase classname="AllMethods.GetMethod" name="GetUser" time="3.667"/>
  <testcase classname="AllMethods.GetMethod" name="CreateUser" time="0.847"/>
  <testcase classname="AllMethods.GetMethod" name="UpdateUser" time="0.373"/>
  <testcase classname="AllMethods.GetMethod" name="DeleteUser" time="0.471"/>
</testsuite> <!-- AllMethods.GetMethod -->
