<?xml version="1.0" encoding="UTF-8"?>
<!-- Generated by org.testng.reporters.JUnitReportReporter -->
<testsuite hostname="DESKTOP-TP3TBSO" failures="0" tests="4" name="AllMethods.AllRestPIMethods" time="4.276" errors="0" timestamp="2025-05-17T09:25:56 IST" skipped="0">
  <testcase classname="AllMethods.AllRestPIMethods" name="GetUser" time="2.811"/>
  <testcase classname="AllMethods.AllRestPIMethods" name="CreateUser" time="0.763"/>
  <testcase classname="AllMethods.AllRestPIMethods" name="UpdateUser" time="0.374"/>
  <testcase classname="AllMethods.AllRestPIMethods" name="DeleteUser" time="0.328"/>
</testsuite> <!-- AllMethods.AllRestPIMethods -->
