<?xml version="1.0" encoding="UTF-8"?>
<!-- Generated by org.testng.reporters.JUnitReportReporter -->
<testsuite hostname="DESKTOP-TP3TBSO" failures="0" tests="1" name="chain.DELETE" time="0.023" errors="0" timestamp="2025-05-18T12:32:03 IST" skipped="0">
  <testcase classname="chain.DELETE" name="DeleteReq" time="0.023"/>
</testsuite> <!-- chain.DELETE -->
