<?xml version="1.0" encoding="UTF-8"?>
<!-- Generated by org.testng.reporters.JUnitReportReporter -->
<testsuite hostname="DESKTOP-TP3TBSO" failures="0" tests="1" name="chain.GET" time="0.157" errors="0" timestamp="2025-05-18T12:32:03 IST" skipped="0">
  <testcase classname="chain.GET" name="GETReq" time="0.157"/>
</testsuite> <!-- chain.GET -->
