<?xml version="1.0" encoding="UTF-8"?>
<!-- Generated by org.testng.reporters.JUnitReportReporter -->
<testsuite hostname="DESKTOP-TP3TBSO" failures="0" tests="2" name="GetMethod" time="1.557" errors="0" timestamp="2025-05-15T20:08:05 IST" skipped="0">
  <testcase classname="GetMethod" name="Test02" time="0.121"/>
  <testcase classname="GetMethod" name="Test01" time="1.436"/>
</testsuite> <!-- GetMethod -->
