<?xml version="1.0" encoding="UTF-8"?>
<!-- Generated by org.testng.reporters.JUnitReportReporter -->
<testsuite hostname="DESKTOP-TP3TBSO" failures="0" tests="1" name="AllMethods.CookiesTest" time="3.234" errors="0" timestamp="2025-05-17T11:21:26 IST" skipped="0">
  <testcase classname="AllMethods.CookiesTest" name="GetCookies" time="3.234"/>
</testsuite> <!-- AllMethods.CookiesTest -->
