<?xml version="1.0" encoding="UTF-8"?>
<!-- Generated by org.testng.reporters.JUnitReportReporter -->
<testsuite hostname="DESKTOP-TP3TBSO" failures="0" tests="1" name="API_Chaining.POSTREQ" time="1.787" errors="0" timestamp="2025-05-17T23:50:22 IST" skipped="0">
  <testcase classname="API_Chaining.POSTREQ" name="JSONLibraryPost" time="1.787"/>
</testsuite> <!-- API_Chaining.POSTREQ -->
