<?xml version="1.0" encoding="UTF-8"?>
<!-- Generated by org.testng.reporters.JUnitReportReporter -->
<testsuite hostname="DESKTOP-TP3TBSO" failures="0" tests="1" name="AllMethods.HeadersTest" time="2.496" errors="0" timestamp="2025-05-17T11:49:00 IST" skipped="0">
  <testcase classname="AllMethods.HeadersTest" name="PrintAllHeder" time="2.496"/>
</testsuite> <!-- AllMethods.HeadersTest -->
