<?xml version="1.0" encoding="UTF-8"?>
<!-- Generated by org.testng.reporters.JUnitReportReporter -->
<testsuite hostname="DESKTOP-TP3TBSO" failures="0" tests="1" name="chain.POST" time="2.297" errors="0" timestamp="2025-05-18T12:32:03 IST" skipped="0">
  <testcase classname="chain.POST" name="POSTReq" time="2.297"/>
</testsuite> <!-- chain.POST -->
