<?xml version="1.0" encoding="UTF-8"?>
<!-- Generated by org.testng.reporters.JUnitReportReporter -->
<testsuite hostname="DESKTOP-TP3TBSO" failures="0" tests="1" name="chain.APIChain" time="1.514" errors="0" timestamp="2025-05-18T08:28:32 IST" skipped="0">
  <testcase classname="chain.APIChain" name="POST" time="1.514"/>
</testsuite> <!-- chain.APIChain -->
