<?xml version="1.0" encoding="UTF-8"?>
<!-- Generated by org.testng.reporters.JUnitReportReporter -->
<testsuite hostname="DESKTOP-TP3TBSO" failures="0" tests="1" name="AllMethods.QuerryPathParameter" time="2.150" errors="0" timestamp="2025-05-17T10:51:42 IST" skipped="0">
  <testcase classname="AllMethods.QuerryPathParameter" name="QueryPath" time="2.150"/>
</testsuite> <!-- AllMethods.QuerryPathParameter -->
